<?xml version="1.0" encoding="UTF-8"?>
<!-- Generated by org.testng.reporters.JUnitReportReporter -->
<testsuite hostname="Compaq-PC" name="guru99bankdemo1.LoginTest" tests="1" failures="0" timestamp="14 Apr 2020 11:59:01 GMT" time="5.974" errors="0">
  <testcase name="test_Home_Page_Appear_Correct" time="5.974" classname="guru99bankdemo1.LoginTest"/>
</testsuite> <!-- guru99bankdemo1.LoginTest -->
