<?xml version="1.0" encoding="UTF-8"?>
<!-- Generated by org.testng.reporters.JUnitReportReporter -->
<testsuite hostname="Compaq-PC" name="guru99bankdemo.NewCustomerTest" tests="1" failures="0" timestamp="4 Apr 2020 12:47:22 GMT" time="7.035" errors="1">
  <testcase name="CreateCustomerSucessfully" time="7.035" classname="guru99bankdemo.NewCustomerTest">
    <error type="java.lang.NullPointerException">
      <![CDATA[java.lang.NullPointerException
	at guru99bankdemo.NewCustomerPage.CreateNewCustomer(NewCustomerPage.java:25)
	at guru99bankdemo.NewCustomerTest.CreateCustomerSucessfully(NewCustomerTest.java:17)
]]>
    </error>
  </testcase> <!-- CreateCustomerSucessfully -->
</testsuite> <!-- guru99bankdemo.NewCustomerTest -->
