<?xml version="1.0" encoding="UTF-8"?>
<!-- Generated by org.testng.reporters.JUnitReportReporter -->
<testsuite hostname="Compaq-PC" name="guru99bankdemo1.NewCustomerTest" tests="1" failures="0" timestamp="21 Apr 2020 12:43:13 GMT" time="13.816" errors="0">
  <testcase name="CreateCustomerSuccessfully" time="13.816" classname="guru99bankdemo1.NewCustomerTest"/>
</testsuite> <!-- guru99bankdemo1.NewCustomerTest -->
