<?xml version="1.0" encoding="UTF-8"?>
<!-- Generated by org.testng.reporters.JUnitReportReporter -->
<testsuite hostname="Compaq-PC" name="guru99bankdemo.NewCustomer" tests="1" failures="0" timestamp="24 Mar 2020 10:42:13 GMT" time="0.077" errors="1">
  <testcase name="CreateCustomerSuccesfully" time="0.077" classname="guru99bankdemo.NewCustomer">
    <error type="java.lang.NullPointerException">
      <![CDATA[java.lang.NullPointerException
	at guru99bankdemo.NewCustomer.CreateCustomerSuccesfully(NewCustomer.java:36)
]]>
    </error>
  </testcase> <!-- CreateCustomerSuccesfully -->
</testsuite> <!-- guru99bankdemo.NewCustomer -->
