<?xml version="1.0" encoding="UTF-8"?>
<!-- Generated by org.testng.reporters.JUnitReportReporter -->
<testsuite hostname="Compaq-PC" name="guru99bankdemo.LoginTest" tests="1" failures="0" timestamp="27 Mar 2020 10:22:25 GMT" time="6.773" errors="0">
  <testcase name="test_Home_Page_Appear_Correct" time="6.773" classname="guru99bankdemo.LoginTest"/>
</testsuite> <!-- guru99bankdemo.LoginTest -->
