<?xml version="1.0" encoding="UTF-8"?>
<!-- Generated by org.testng.reporters.JUnitReportReporter -->
<testsuite hostname="Compaq-PC" name="guru99bankdemo1.DepositTest" tests="1" failures="0" timestamp="22 Apr 2020 12:50:41 GMT" time="13.206" errors="0">
  <testcase name="DepositSuccessfully" time="13.206" classname="guru99bankdemo1.DepositTest"/>
</testsuite> <!-- guru99bankdemo1.DepositTest -->
