<?xml version="1.0" encoding="UTF-8"?>
<!-- Generated by org.testng.reporters.JUnitReportReporter -->
<testsuite hostname="Compaq-PC" name="guru99bankdemo1.TestBase" tests="1" failures="0" timestamp="6 Apr 2020 12:08:33 GMT" time="0.267" errors="0">
  <testcase name="f" time="0.267" classname="guru99bankdemo1.TestBase"/>
</testsuite> <!-- guru99bankdemo1.TestBase -->
