<?xml version="1.0" encoding="UTF-8"?>
<!-- Generated by org.testng.reporters.JUnitReportReporter -->
<testsuite hostname="Compaq-PC" name="guru99bankdemo1.BalanceEquiryTest" tests="1" failures="0" timestamp="23 Apr 2020 11:49:53 GMT" time="13.738" errors="0">
  <testcase name="BalanceEquirySuccessfully" time="13.738" classname="guru99bankdemo1.BalanceEquiryTest"/>
</testsuite> <!-- guru99bankdemo1.BalanceEquiryTest -->
