<?xml version="1.0" encoding="UTF-8"?>
<!-- Generated by org.testng.reporters.JUnitReportReporter -->
<testsuite hostname="Compaq-PC" name="guru99bankdemo1.CustomisedStatementTest" tests="1" failures="0" timestamp="23 Apr 2020 12:44:37 GMT" time="12.517" errors="0">
  <testcase name="CustomisedStatementSuccessfully" time="12.517" classname="guru99bankdemo1.CustomisedStatementTest"/>
</testsuite> <!-- guru99bankdemo1.CustomisedStatementTest -->
